{
  name: 'SequelizeConnectionRefusedError',
  parent: Error: connect ECONNREFUSED ::1:3306
      at TCPConnectWrap.afterConnect [as oncomplete] (node:net:1555:16) {
    errno: -4078,
    code: 'ECONNREFUSED',
    syscall: 'connect',
    address: '::1',
    port: 3306,
    fatal: true
  },
  original: Error: connect ECONNREFUSED ::1:3306
      at TCPConnectWrap.afterConnect [as oncomplete] (node:net:1555:16) {
    errno: -4078,
    code: 'ECONNREFUSED',
    syscall: 'connect',
    address: '::1',
    port: 3306,
    fatal: true
  },
  level: 'error',
  message: 'Unable to connect to database: connect ECONNREFUSED ::1:3306',
  stack: 'SequelizeConnectionRefusedError: connect ECONNREFUSED ::1:3306\n' +
    '    at ConnectionManager.connect (C:\\Users\\ridzfhmi\\Desktop\\api.siplah.dashboard\\node_modules\\sequelize\\lib\\dialects\\mysql\\connection-manager.js:92:17)\n' +
    '    at process.processTicksAndRejections (node:internal/process/task_queues:95:5)\n' +
    '    at async ConnectionManager._connect (C:\\Users\\ridzfhmi\\Desktop\\api.siplah.dashboard\\node_modules\\sequelize\\lib\\dialects\\abstract\\connection-manager.js:222:24)\n' +
    '    at async C:\\Users\\ridzfhmi\\Desktop\\api.siplah.dashboard\\node_modules\\sequelize\\lib\\dialects\\abstract\\connection-manager.js:174:32\n' +
    '    at async ConnectionManager.getConnection (C:\\Users\\ridzfhmi\\Desktop\\api.siplah.dashboard\\node_modules\\sequelize\\lib\\dialects\\abstract\\connection-manager.js:197:7)\n' +
    '    at async C:\\Users\\ridzfhmi\\Desktop\\api.siplah.dashboard\\node_modules\\sequelize\\lib\\sequelize.js:305:26\n' +
    '    at async Sequelize.authenticate (C:\\Users\\ridzfhmi\\Desktop\\api.siplah.dashboard\\node_modules\\sequelize\\lib\\sequelize.js:457:5)\n' +
    '    at async connectDatabase (C:\\Users\\ridzfhmi\\Desktop\\api.siplah.dashboard\\src\\config\\database.js:36:9)\n' +
    '    at async startServer (C:\\Users\\ridzfhmi\\Desktop\\api.siplah.dashboard\\src\\server.js:132:9)',
  timestamp: '2025-06-09 09:05:30'
}
{
  errno: -4039,
  code: 'ETIMEDOUT',
  syscall: 'connect',
  address: '172.17.78.119',
  port: 6379,
  level: 'error',
  message: 'Redis client error: connect ETIMEDOUT 172.17.78.119:6379',
  stack: 'Error: connect ETIMEDOUT 172.17.78.119:6379\n' +
    '    at TCPConnectWrap.afterConnect [as oncomplete] (node:net:1555:16)',
  timestamp: '2025-06-09 09:06:30'
}
